[ 2019-06-20T00:02:05+08:00 ] ::1 /LibrarySystem/index.php/Home/Index/borrow.html
INFO: [ app_init ] --START--
INFO: Run Behavior\BuildLiteBehavior [ RunTime:0.000010s ]
INFO: [ app_init ] --END-- [ RunTime:0.000701s ]
INFO: [ app_begin ] --START--
INFO: Run Behavior\ReadHtmlCacheBehavior [ RunTime:0.000531s ]
INFO: [ app_begin ] --END-- [ RunTime:0.000556s ]
INFO: [ view_parse ] --START--
INFO: [ template_filter ] --START--
INFO: Run Behavior\ContentReplaceBehavior [ RunTime:0.000042s ]
INFO: [ template_filter ] --END-- [ RunTime:0.000065s ]
INFO: Run Behavior\ParseTemplateBehavior [ RunTime:0.005489s ]
INFO: [ view_parse ] --END-- [ RunTime:0.005516s ]
INFO: [ view_filter ] --START--
INFO: Run Behavior\WriteHtmlCacheBehavior [ RunTime:0.000596s ]
INFO: [ view_filter ] --END-- [ RunTime:0.000616s ]
INFO: [ app_end ] --START--
INFO: Run Behavior\ShowPageTraceBehavior [ RunTime:0.000595s ]
INFO: [ app_end ] --END-- [ RunTime:0.000625s ]

[ 2019-06-20T00:02:05+08:00 ] ::1 /LibrarySystem/index.php/Home/User/getBorrowRecordByID
INFO: [ app_init ] --START--
INFO: Run Behavior\BuildLiteBehavior [ RunTime:0.000009s ]
INFO: [ app_init ] --END-- [ RunTime:0.000239s ]
INFO: [ app_begin ] --START--
INFO: Run Behavior\ReadHtmlCacheBehavior [ RunTime:0.000362s ]
INFO: [ app_begin ] --END-- [ RunTime:0.000389s ]
SQL: SHOW COLUMNS FROM `entry` [ RunTime:0.0021s ]
SQL: SELECT * FROM `entry` WHERE ( user_id='20164450' )  [ RunTime:0.0004s ]
SQL: SHOW COLUMNS FROM `book` [ RunTime:0.0011s ]
SQL: SELECT `book_name`,`book_author`,`book_publisher` FROM `book` WHERE ( book_id='110' )  [ RunTime:0.0004s ]
SQL: SHOW COLUMNS FROM `fine` [ RunTime:0.0008s ]
ERR: Think\Model:filed方法不存在！

[ 2019-06-20T00:02:11+08:00 ] ::1 /LibrarySystem/index.php/Home/Index/borrow.html
INFO: [ app_init ] --START--
INFO: Run Behavior\BuildLiteBehavior [ RunTime:0.000010s ]
INFO: [ app_init ] --END-- [ RunTime:0.000311s ]
INFO: [ app_begin ] --START--
INFO: Run Behavior\ReadHtmlCacheBehavior [ RunTime:0.000377s ]
INFO: [ app_begin ] --END-- [ RunTime:0.000400s ]
INFO: [ view_parse ] --START--
INFO: [ template_filter ] --START--
INFO: Run Behavior\ContentReplaceBehavior [ RunTime:0.000049s ]
INFO: [ template_filter ] --END-- [ RunTime:0.000087s ]
INFO: Run Behavior\ParseTemplateBehavior [ RunTime:0.006424s ]
INFO: [ view_parse ] --END-- [ RunTime:0.006557s ]
INFO: [ view_filter ] --START--
INFO: Run Behavior\WriteHtmlCacheBehavior [ RunTime:0.000376s ]
INFO: [ view_filter ] --END-- [ RunTime:0.000424s ]
INFO: [ app_end ] --START--
INFO: Run Behavior\ShowPageTraceBehavior [ RunTime:0.001062s ]
INFO: [ app_end ] --END-- [ RunTime:0.001099s ]

[ 2019-06-20T00:02:12+08:00 ] ::1 /LibrarySystem/index.php/Home/User/getBorrowRecordByID
INFO: [ app_init ] --START--
INFO: Run Behavior\BuildLiteBehavior [ RunTime:0.000013s ]
INFO: [ app_init ] --END-- [ RunTime:0.000448s ]
INFO: [ app_begin ] --START--
INFO: Run Behavior\ReadHtmlCacheBehavior [ RunTime:0.000378s ]
INFO: [ app_begin ] --END-- [ RunTime:0.000404s ]
SQL: SHOW COLUMNS FROM `entry` [ RunTime:0.0020s ]
SQL: SELECT * FROM `entry` WHERE ( user_id='20164450' )  [ RunTime:0.0004s ]
SQL: SHOW COLUMNS FROM `book` [ RunTime:0.0014s ]
SQL: SELECT `book_name`,`book_author`,`book_publisher` FROM `book` WHERE ( book_id='110' )  [ RunTime:0.0008s ]
SQL: SHOW COLUMNS FROM `fine` [ RunTime:0.0004s ]
ERR: Think\Model:filed方法不存在！

